<?xml version="1.0" encoding="UTF-8"?>
<!-- Generated by org.testng.reporters.JUnitXMLReporter -->
<testsuite hostname="DESKTOP-25SEFP8" ignored="0" name="Test" tests="4" failures="0" timestamp="2021-05-28T21:54:41 AEST" time="111.14" errors="0">
  <testcase name="ValidateError_ContactPage" time="51.855" classname="com.pack.common.tests.TC001_ValidateError_ContactPage"/>
  <testcase name="ValidateSuccessfulSubmission_ContactPage" time="4.019" classname="com.pack.common.tests.TC002_ValidateSuccessMessage_ContactPage"/>
  <testcase name="ValidateError_InvalidData_MandatoryField_ContactPage" time="11.385" classname="com.pack.common.tests.TC003_ValidateError_InvalidData_MandatoryField_ContactPage"/>
  <testcase name="ShopCart" time="23.543" classname="com.pack.common.tests.TC004_ValidateCartItems_ShopPage"/>
</testsuite> <!-- Test -->
